#
# A fatal error has been detected by the Java Runtime Environment:
#
#  EXCEPTION_ACCESS_VIOLATION (0xc0000005) at pc=0x00007ffc08ec3e32, pid=15444, tid=16416
#
# JRE version: Java(TM) SE Runtime Environment (9.0+11) (build 9.0.4+11)
# Java VM: Java HotSpot(TM) 64-Bit Server VM (9.0.4+11, mixed mode, tiered, compressed oops, g1 gc, windows-amd64)
# Problematic frame:
# C  [librdi_filemgmt.dll+0xe3e32]
#
# No core dump will be written. Minidumps are not enabled by default on client versions of Windows
#
# If you would like to submit a bug report, please visit:
#   http://bugreport.java.com/bugreport/crash.jsp
# The crash happened outside the Java Virtual Machine in native code.
# See problematic frame for where to report the bug.
#

---------------  S U M M A R Y ------------

Command Line: -Dsun.java2d.pmoffscreen=false -Dsun.java2d.xrender=false -Dsun.java2d.d3d=false -Dsun.awt.nopixfmt=true -Dsun.java2d.dpiaware=true -Dsun.java2d.uiScale.enabled=false -Xverify:none -Dswing.aatext=true -XX:-UsePerfData -Djdk.map.althashing.threshold=512 -XX:StringTableSize=4072 --add-opens=java.base/java.nio=ALL-UNNAMED --add-opens=java.desktop/sun.swing=ALL-UNNAMED --add-opens=java.desktop/javax.swing=ALL-UNNAMED --add-opens=java.desktop/javax.swing.tree=ALL-UNNAMED --add-opens=java.desktop/javax.swing.plaf.basic=ALL-UNNAMED --add-opens=java.desktop/javax.swing.plaf.synth=ALL-UNNAMED --add-opens=java.desktop/com.sun.awt=ALL-UNNAMED -XX:NewSize=60m -XX:MaxNewSize=60m -Xms128m -Xmx3072m -Xss5m 

Host: Intel(R) Core(TM) i5-6300HQ CPU @ 2.30GHz, 4 cores, 15G,  Windows 10 , 64 bit Build 18362 (10.0.18362.329)
Time: Thu Oct 31 17:05:15 2019 ?D1¨²¡À¨º¡Á?¨º¡À?? elapsed time: 151 seconds (0d 0h 2m 31s)

---------------  T H R E A D  ---------------

Current thread (0x000001f53342c000):  JavaThread "AWT-EventQueue-1" [_thread_in_native, id=16416, stack(0x000000c215f00000,0x000000c216400000)]

Stack: [0x000000c215f00000,0x000000c216400000],  sp=0x000000c2163faac0,  free space=5098k
Native frames: (J=compiled Java code, j=interpreted, Vv=VM code, C=native code)
C  [librdi_filemgmt.dll+0xe3e32]
C  [librdi_project.dll+0x14feaf]
C  [librdi_project.dll+0x150003]
C  [librdi_project.dll+0x2572df]
C  0x000001f51a38921c

Java frames: (J=compiled Java code, j=interpreted, Vv=VM code)
j  ui.project.projecti.Design_warnForSynthRunGoingStale(J)Z+0
j  ui.project.a.enT()Z+4
j  ui.b.i.a.f.k(Lui/views/cn;)V+17
j  ui.data.design.k.a(Lui/project/a;Lui/views/cn;Ljava/lang/Runnable;)Z+43
j  ui.data.design.k.a(Ljava/util/Collection;Lui/views/S/u;)Z+85
j  ui.views.S.X.b(Lui/views/S/al;Ljava/util/Collection;)Z+61
j  ui.views.S.X.a(Lui/views/S/al;Ljava/util/Collection;)V+3
j  ui.views.S.X.a(Ljava/lang/String;ZLjava/lang/Runnable;Ljava/lang/Runnable;)Z+234
j  ui.views.S.X.a(Ljava/lang/String;Ljava/lang/Runnable;Ljava/lang/Runnable;)Z+5
j  ui.views.S.X.b(Ljava/lang/String;Ljava/lang/Runnable;)Z+4
j  ui.views.c.cw.run()V+37
j  ui.frmwork.a.dTt()Z+66
j  ui.views.S.b.k.Q(Lui/views/S/u;)V+41
j  ui.views.S.b.x.mouseReleased(Ljava/awt/event/MouseEvent;)V+92
j  java.awt.AWTEventMulticaster.mouseReleased(Ljava/awt/event/MouseEvent;)V+21 java.desktop@9.0.4
j  java.awt.AWTEventMulticaster.mouseReleased(Ljava/awt/event/MouseEvent;)V+8 java.desktop@9.0.4
j  java.awt.AWTEventMulticaster.mouseReleased(Ljava/awt/event/MouseEvent;)V+8 java.desktop@9.0.4
j  java.awt.AWTEventMulticaster.mouseReleased(Ljava/awt/event/MouseEvent;)V+8 java.desktop@9.0.4
J 16220 c1 java.awt.Component.processMouseEvent(Ljava/awt/event/MouseEvent;)V java.desktop@9.0.4 (100 bytes) @ 0x000001f51be9e6b4 [0x000001f51be9e320+0x0000000000000394]
J 16219 c1 javax.swing.JComponent.processMouseEvent(Ljava/awt/event/MouseEvent;)V java.desktop@9.0.4 (27 bytes) @ 0x000001f51be3d4ec [0x000001f51be3d2e0+0x000000000000020c]
J 16192 c2 java.awt.Container.processEvent(Ljava/awt/AWTEvent;)V java.desktop@9.0.4 (22 bytes) @ 0x000001f522a5fe04 [0x000001f522a5fca0+0x0000000000000164]
j  ui.utils.o.x.L.processEvent(Ljava/awt/AWTEvent;)V+14
J 16322 c1 java.awt.Component.dispatchEventImpl(Ljava/awt/AWTEvent;)V java.desktop@9.0.4 (739 bytes) @ 0x000001f51cd502ec [0x000001f51cd4f4e0+0x0000000000000e0c]
J 16304 c1 java.awt.Container.dispatchEventImpl(Ljava/awt/AWTEvent;)V java.desktop@9.0.4 (129 bytes) @ 0x000001f51c0cc90c [0x000001f51c0cc7e0+0x000000000000012c]
J 16188 c2 java.awt.LightweightDispatcher.retargetMouseEvent(Ljava/awt/Component;ILjava/awt/event/MouseEvent;)V java.desktop@9.0.4 (350 bytes) @ 0x000001f522a5c54c [0x000001f522a5bfe0+0x000000000000056c]
J 16191 c2 java.awt.LightweightDispatcher.processMouseEvent(Ljava/awt/event/MouseEvent;)Z java.desktop@9.0.4 (265 bytes) @ 0x000001f522a5e920 [0x000001f522a5e1a0+0x0000000000000780]
J 12508 c1 java.awt.LightweightDispatcher.dispatchEvent(Ljava/awt/AWTEvent;)Z java.desktop@9.0.4 (73 bytes) @ 0x000001f51c5a8a4c [0x000001f51c5a8620+0x000000000000042c]
J 16304 c1 java.awt.Container.dispatchEventImpl(Ljava/awt/AWTEvent;)V java.desktop@9.0.4 (129 bytes) @ 0x000001f51c0cc8ac [0x000001f51c0cc7e0+0x00000000000000cc]
J 16182 c2 java.awt.Window.dispatchEventImpl(Ljava/awt/AWTEvent;)V java.desktop@9.0.4 (23 bytes) @ 0x000001f522a57f8c [0x000001f522a57f40+0x000000000000004c]
J 15012 c2 java.awt.EventQueue$3.run()Ljava/lang/Object; java.desktop@9.0.4 (5 bytes) @ 0x000001f5229630fc [0x000001f522962b00+0x00000000000005fc]
v  ~StubRoutines::call_stub
J 4098  java.security.AccessController.doPrivileged(Ljava/security/PrivilegedAction;Ljava/security/AccessControlContext;)Ljava/lang/Object; java.base@9.0.4 (0 bytes) @ 0x000001f5220433c6 [0x000001f522043360+0x0000000000000066]
J 16173 c2 java.awt.EventQueue$4.run()Ljava/lang/Object; java.desktop@9.0.4 (5 bytes) @ 0x000001f522a55540 [0x000001f522a552e0+0x0000000000000260]
v  ~StubRoutines::call_stub
J 4098  java.security.AccessController.doPrivileged(Ljava/security/PrivilegedAction;Ljava/security/AccessControlContext;)Ljava/lang/Object; java.base@9.0.4 (0 bytes) @ 0x000001f5220433c6 [0x000001f522043360+0x0000000000000066]
J 12866 c2 ui.frmwork.b.d.dispatchEvent(Ljava/awt/AWTEvent;)V (34 bytes) @ 0x000001f5227637b4 [0x000001f522763420+0x0000000000000394]
J 16529 c2 java.awt.EventDispatchThread.pumpOneEventForFilters(I)V java.desktop@9.0.4 (218 bytes) @ 0x000001f522ae1020 [0x000001f522ae0c80+0x00000000000003a0]
j  java.awt.EventDispatchThread.pumpEventsForFilter(ILjava/awt/Conditional;Ljava/awt/EventFilter;)V+35 java.desktop@9.0.4
j  java.awt.EventDispatchThread.pumpEventsForHierarchy(ILjava/awt/Conditional;Ljava/awt/Component;)V+11 java.desktop@9.0.4
j  java.awt.EventDispatchThread.pumpEvents(ILjava/awt/Conditional;)V+4 java.desktop@9.0.4
j  java.awt.EventDispatchThread.pumpEvents(Ljava/awt/Conditional;)V+3 java.desktop@9.0.4
j  java.awt.EventDispatchThread.run()V+9 java.desktop@9.0.4
v  ~StubRoutines::call_stub

siginfo: EXCEPTION_ACCESS_VIOLATION (0xc0000005), reading address 0xffffffffffffffff


Register to memory mapping:

RIP=0x00007ffc08ec3e32 librdi_filemgmt.dll
RAX=0x0000b8ef40ee701d is an unknown value
RBX=0x90005ef5ef494321 is an unknown value
RCX=0x90005ef5ef494321 is an unknown value
RDX=0x000000c2163fac28 is pointing into the stack for thread: 0x000001f53342c000
RSP=0x000000c2163faac0 is pointing into the stack for thread: 0x000001f53342c000
RBP=0x000000c2163fad01 is pointing into the stack for thread: 0x000001f53342c000
RSI=0x000000c2163fac30 is pointing into the stack for thread: 0x000001f53342c000
RDI=0x000000c2163fac28 is pointing into the stack for thread: 0x000001f53342c000
R8 =0x000000c2163fac30 is pointing into the stack for thread: 0x000001f53342c000
R9 =0x000001f533334e40 is an unknown value
R10=0x000001f51a3891f0 is at code_begin+976 in an Interpreter codelet
method entry point (kind = native)  [0x000001f51a388e20, 0x000001f51a389980]  2912 bytes
R11=0x00000007000f3b40 is an oop
java.lang.Class 
{0x00000007000f3b40} - klass: 'java/lang/Class'
R12=0x0000000000000000 is an unknown value
R13={method} {0x000001f534a96ea0} 'Design_warnForSynthRunGoingStale' '(J)Z' in 'ui/project/projecti'
R14=0x000000c2163fad80 is pointing into the stack for thread: 0x000001f53342c000
R15=0x000001f53342c000 is a thread


Registers:
RAX=0x0000b8ef40ee701d, RBX=0x90005ef5ef494321, RCX=0x90005ef5ef494321, RDX=0x000000c2163fac28
RSP=0x000000c2163faac0, RBP=0x000000c2163fad01, RSI=0x000000c2163fac30, RDI=0x000000c2163fac28
R8 =0x000000c2163fac30, R9 =0x000001f533334e40, R10=0x000001f51a3891f0, R11=0x00000007000f3b40
R12=0x0000000000000000, R13=0x000001f534a96e98, R14=0x000000c2163fad80, R15=0x000001f53342c000
RIP=0x00007ffc08ec3e32, EFLAGS=0x0000000000010206

Top of Stack: (sp=0x000000c2163faac0)
0x000000c2163faac0:   000001f53342c000 0000000067c45785
0x000000c2163faad0:   000000c20000000b 00007ffc020c72b0
0x000000c2163faae0:   fffffffffffffffe 0000005000000000
0x000000c2163faaf0:   000000000000003a 0000000000000000
0x000000c2163fab00:   0000000000000000 0000000000000000
0x000000c2163fab10:   0000000000000000 000001f50d967d10
0x000000c2163fab20:   000000000000003a 0000000000000100
0x000000c2163fab30:   0000000000000000 0000000000000100
0x000000c2163fab40:   000000c2163facb0 000000c2163fac90
0x000000c2163fab50:   0000b8ef40ee701d 0000000067c450a8
0x000000c2163fab60:   000001f51188c640 00007ffc01fbfeaf
0x000000c2163fab70:   000001f50d967cd0 000001f54c8e5b48
0x000000c2163fab80:   0000000000000001 000000c2163facb0
0x000000c2163fab90:   fffffffffffffffe 000001f511e3e4b0
0x000000c2163faba0:   000000c2163fac90 000001f534036070
0x000000c2163fabb0:   000001f50d967bc0 0000882ad8d6d87f 

Instructions: (pc=0x00007ffc08ec3e32)
0x00007ffc08ec3e12:   ec a8 00 00 00 48 c7 44 24 20 fe ff ff ff 48 8b
0x00007ffc08ec3e22:   05 39 76 4e 00 48 33 c4 48 89 84 24 90 00 00 00
0x00007ffc08ec3e32:   48 8b 81 b0 01 00 00 48 85 c0 75 4a 48 c7 44 24
0x00007ffc08ec3e42:   40 0f 00 00 00 48 89 44 24 38 88 44 24 28 44 8d 



---------------  P R O C E S S  ---------------

Java Threads: ( => current thread )
  0x000001f5133a5800 JavaThread "Image Fetcher 0" daemon [_thread_blocked, id=17304, stack(0x000000c21a000000,0x000000c21a500000)]
  0x000001f533e28800 JavaThread "SyntheticaAnimation 50" daemon [_thread_blocked, id=8636, stack(0x000000c218f00000,0x000000c219400000)]
  0x000001f533e1f800 JavaThread "SyntheticaAnimation 50" daemon [_thread_blocked, id=13004, stack(0x000000c216f00000,0x000000c217400000)]
  0x000001f533e1f000 JavaThread "hw_ila_monitor" [_thread_blocked, id=13120, stack(0x000000c216a00000,0x000000c216f00000)]
  0x000001f533e25800 JavaThread "Update Runs Swing Worker" [_thread_blocked, id=5660, stack(0x000000c216500000,0x000000c216a00000)]
  0x000001f533e25000 JavaThread "Refresh Filesets Swing Worker" [_thread_blocked, id=2468, stack(0x000000c215000000,0x000000c215500000)]
  0x000001f533e1b000 JavaThread "SyntheticaAnimation 70" daemon [_thread_blocked, id=2636, stack(0x000000c219400000,0x000000c219900000)]
  0x000001f5133aa000 JavaThread "SyntheticaAnimation 25" daemon [_thread_blocked, id=7380, stack(0x000000c218a00000,0x000000c218f00000)]
  0x000001f5133a8800 JavaThread "SyntheticaAnimation 50" daemon [_thread_blocked, id=1208, stack(0x000000c218500000,0x000000c218a00000)]
  0x000001f5133a7800 JavaThread "Monitor HEventQueue" [_thread_blocked, id=17188, stack(0x000000c218000000,0x000000c218500000)]
  0x000001f5133a7000 JavaThread "Batik CleanerThread" daemon [_thread_blocked, id=8360, stack(0x000000c217800000,0x000000c217d00000)]
  0x000001f5133a6000 JavaThread "SyntheticaCleanerThread" daemon [_thread_blocked, id=16536, stack(0x000000c215500000,0x000000c215a00000)]
=>0x000001f53342c000 JavaThread "AWT-EventQueue-1" [_thread_in_native, id=16416, stack(0x000000c215f00000,0x000000c216400000)]
  0x000001f533417000 JavaThread "Process Messages" [_thread_blocked, id=9228, stack(0x000000c215a00000,0x000000c215f00000)]
  0x000001f533825000 JavaThread "Thread-1" [_thread_in_native, id=7832, stack(0x000000c20f200000,0x000000c210600000)]
  0x000001f533700800 JavaThread "TimerQueue" daemon [_thread_blocked, id=7688, stack(0x000000c214b00000,0x000000c215000000)]
  0x000001f513516000 JavaThread "AWT-Windows" daemon [_thread_in_native, id=8880, stack(0x000000c214600000,0x000000c214b00000)]
  0x000001f5137c2000 JavaThread "AWT-Shutdown" [_thread_blocked, id=8648, stack(0x000000c214100000,0x000000c214600000)]
  0x000001f513600000 JavaThread "Java2D Disposer" daemon [_thread_blocked, id=9072, stack(0x000000c213c00000,0x000000c214100000)]
  0x000001f512f4f000 JavaThread "Service Thread" daemon [_thread_blocked, id=17276, stack(0x000000c213600000,0x000000c213b00000)]
  0x000001f50ee40800 JavaThread "Common-Cleaner" daemon [_thread_blocked, id=12252, stack(0x000000c213100000,0x000000c213600000)]
  0x000001f50fa47000 JavaThread "Sweeper thread" daemon [_thread_blocked, id=14764, stack(0x000000c212c00000,0x000000c213100000)]
  0x000001f50fa46800 JavaThread "C1 CompilerThread2" daemon [_thread_blocked, id=7844, stack(0x000000c212b00000,0x000000c212c00000)]
  0x000001f511915000 JavaThread "C2 CompilerThread1" daemon [_thread_blocked, id=15220, stack(0x000000c212a00000,0x000000c212b00000)]
  0x000001f512d29000 JavaThread "C2 CompilerThread0" daemon [_thread_blocked, id=8596, stack(0x000000c212900000,0x000000c212a00000)]
  0x000001f50f7f1000 JavaThread "Attach Listener" daemon [_thread_blocked, id=7240, stack(0x000000c212400000,0x000000c212900000)]
  0x000001f50d75e800 JavaThread "Signal Dispatcher" daemon [_thread_blocked, id=12500, stack(0x000000c211f00000,0x000000c212400000)]
  0x000001f511cdd000 JavaThread "Finalizer" daemon [_thread_blocked, id=13752, stack(0x000000c211a00000,0x000000c211f00000)]
  0x000001f50d8b9800 JavaThread "Reference Handler" daemon [_thread_blocked, id=16520, stack(0x000000c211500000,0x000000c211a00000)]
  0x000001f50f39d800 JavaThread "main" [_thread_blocked, id=8748, stack(0x000000c20f100000,0x000000c20f200000)]

Other Threads:
  0x000001f50d8b9000 VMThread "VM Thread" [stack: 0x000000c211400000,0x000000c211500000] [id=17068]
  0x000001f512f50800 WatcherThread [stack: 0x000000c213b00000,0x000000c213c00000] [id=12160]
  0x000001f511e8f000 GCTaskThread "GC Thread#0" [stack: 0x000000c210900000,0x000000c210a00000] [id=1384]
  0x000001f511e8f800 GCTaskThread "GC Thread#1" [stack: 0x000000c210a00000,0x000000c210b00000] [id=14252]
  0x000001f50f8d2800 GCTaskThread "GC Thread#2" [stack: 0x000000c210b00000,0x000000c210c00000] [id=15672]
  0x000001f50f8d3000 GCTaskThread "GC Thread#3" [stack: 0x000000c210c00000,0x000000c210d00000] [id=4372]
  0x000001f512cbb800 ConcurrentGCThread "G1 Main Marker" [stack: 0x000000c211200000,0x000000c211300000] [id=13764]
  0x000001f50f60c800 ConcurrentGCThread "G1 Marker#0" [stack: 0x000000c211300000,0x000000c211400000] [id=17296]
  0x000001f5117cc000 ConcurrentGCThread "G1 Refine#0" [stack: 0x000000c211000000,0x000000c211100000] [id=8048]
  0x000001f5117cb800 ConcurrentGCThread "G1 Refine#1" [stack: 0x000000c210f00000,0x000000c211000000] [id=7088]
  0x000001f50dc5c800 ConcurrentGCThread "G1 Refine#2" [stack: 0x000000c210e00000,0x000000c210f00000] [id=16444]
  0x000001f50dc5b800 ConcurrentGCThread "G1 Refine#3" [stack: 0x000000c210d00000,0x000000c210e00000] [id=8916]
  0x000001f510c50800 ConcurrentGCThread "G1 Young RemSet Sampling" [stack: 0x000000c211100000,0x000000c211200000] [id=8452]

Threads with active compile tasks:

VM state:not at safepoint (normal execution)

VM Mutex/Monitor currently owned by a thread: None

Heap address: 0x0000000700000000, size: 3072 MB, Compressed Oops mode: Zero based, Oop shift amount: 3
Narrow klass base: 0x0000000000000000, Narrow klass shift: 3
Compressed class space size: 1073741824 Address: 0x00000007c0000000

Heap:
 garbage-first heap   total 188416K, used 97904K [0x0000000700000000, 0x00000007001005c0, 0x00000007c0000000)
  region size 1024K, 31 young (31744K), 4 survivors (4096K)
 Metaspace       used 80066K, capacity 85830K, committed 86012K, reserved 1122304K
  class space    used 11234K, capacity 12255K, committed 12284K, reserved 1048576K
Heap Regions: E=young(eden), S=young(survivor), O=old, HS=humongous(starts), HC=humongous(continues), CS=collection set, F=free, A=archive, TS=gc time stamp, AC=allocation context, TAMS=top-at-mark-start (previous, next)
|   0|0x0000000700000000, 0x00000007000ffff8, 0x0000000700100000| 99%| O|  |TS  0|AC  0|TAMS 0x0000000700000000, 0x0000000700000000|
|   1|0x0000000700100000, 0x0000000700200000, 0x0000000700200000|100%|HS|  |TS  0|AC  0|TAMS 0x0000000700100000, 0x0000000700100000|
|   2|0x0000000700200000, 0x0000000700300000, 0x0000000700300000|100%|HC|  |TS  0|AC  0|TAMS 0x0000000700200000, 0x0000000700200000|
|   3|0x0000000700300000, 0x0000000700400000, 0x0000000700400000|100%|HS|  |TS  0|AC  0|TAMS 0x0000000700300000, 0x0000000700300000|
|   4|0x0000000700400000, 0x00000007004f5160, 0x0000000700500000| 95%| O|  |TS  0|AC  0|TAMS 0x0000000700400000, 0x0000000700400000|
|   5|0x0000000700500000, 0x00000007005ffed8, 0x0000000700600000| 99%| O|  |TS  0|AC  0|TAMS 0x0000000700500000, 0x0000000700500000|
|   6|0x0000000700600000, 0x00000007006ffff8, 0x0000000700700000| 99%| O|  |TS  0|AC  0|TAMS 0x0000000700600000, 0x0000000700600000|
|   7|0x0000000700700000, 0x00000007007fffd0, 0x0000000700800000| 99%| O|  |TS  0|AC  0|TAMS 0x0000000700700000, 0x0000000700700000|
|   8|0x0000000700800000, 0x0000000700900000, 0x0000000700900000|100%| O|  |TS  0|AC  0|TAMS 0x0000000700800000, 0x0000000700800000|
|   9|0x0000000700900000, 0x00000007009fffc8, 0x0000000700a00000| 99%| O|  |TS  0|AC  0|TAMS 0x0000000700900000, 0x0000000700900000|
|  10|0x0000000700a00000, 0x0000000700af4b60, 0x0000000700b00000| 95%| O|  |TS  0|AC  0|TAMS 0x0000000700a00000, 0x0000000700a00000|
|  11|0x0000000700b00000, 0x0000000700bed838, 0x0000000700c00000| 92%| O|  |TS  0|AC  0|TAMS 0x0000000700b00000, 0x0000000700b00000|
|  12|0x0000000700c00000, 0x0000000700ce1978, 0x0000000700d00000| 88%| O|  |TS  0|AC  0|TAMS 0x0000000700c00000, 0x0000000700c00000|
|  13|0x0000000700d00000, 0x0000000700dfb4b8, 0x0000000700e00000| 98%| O|  |TS  0|AC  0|TAMS 0x0000000700d00000, 0x0000000700d00000|
|  14|0x0000000700e00000, 0x0000000700effff8, 0x0000000700f00000| 99%| O|  |TS  0|AC  0|TAMS 0x0000000700e00000, 0x0000000700e00000|
|  15|0x0000000700f00000, 0x0000000700fffff8, 0x0000000701000000| 99%| O|  |TS  0|AC  0|TAMS 0x0000000700f00000, 0x0000000700f00000|
|  16|0x0000000701000000, 0x0000000701100000, 0x0000000701100000|100%| O|  |TS  0|AC  0|TAMS 0x0000000701000000, 0x0000000701000000|
|  17|0x0000000701100000, 0x00000007011fffd8, 0x0000000701200000| 99%| O|  |TS  0|AC  0|TAMS 0x0000000701100000, 0x0000000701100000|
|  18|0x0000000701200000, 0x00000007012ffff0, 0x0000000701300000| 99%| O|  |TS  0|AC  0|TAMS 0x0000000701200000, 0x0000000701200000|
|  19|0x0000000701300000, 0x00000007013ffff8, 0x0000000701400000| 99%| O|  |TS  0|AC  0|TAMS 0x0000000701300000, 0x0000000701300000|
|  20|0x0000000701400000, 0x0000000701500000, 0x0000000701500000|100%| O|  |TS  0|AC  0|TAMS 0x0000000701400000, 0x0000000701400000|
|  21|0x0000000701500000, 0x0000000701600000, 0x0000000701600000|100%| O|  |TS  0|AC  0|TAMS 0x0000000701500000, 0x0000000701500000|
|  22|0x0000000701600000, 0x00000007016ffe20, 0x0000000701700000| 99%| O|  |TS  0|AC  0|TAMS 0x0000000701600000, 0x0000000701600000|
|  23|0x0000000701700000, 0x00000007017fffd0, 0x0000000701800000| 99%| O|  |TS  0|AC  0|TAMS 0x0000000701700000, 0x0000000701700000|
|  24|0x0000000701800000, 0x00000007018ffff0, 0x0000000701900000| 99%| O|  |TS  0|AC  0|TAMS 0x0000000701800000, 0x0000000701800000|
|  25|0x0000000701900000, 0x00000007019f8b10, 0x0000000701a00000| 97%| O|  |TS  0|AC  0|TAMS 0x0000000701900000, 0x0000000701900000|
|  26|0x0000000701a00000, 0x0000000701afffe8, 0x0000000701b00000| 99%| O|  |TS  0|AC  0|TAMS 0x0000000701a00000, 0x0000000701a00000|
|  27|0x0000000701b00000, 0x0000000701bffff8, 0x0000000701c00000| 99%| O|  |TS  0|AC  0|TAMS 0x0000000701b00000, 0x0000000701b00000|
|  28|0x0000000701c00000, 0x0000000701cfb488, 0x0000000701d00000| 98%| O|  |TS  0|AC  0|TAMS 0x0000000701c00000, 0x0000000701c00000|
|  29|0x0000000701d00000, 0x0000000701dfffe8, 0x0000000701e00000| 99%| O|  |TS  0|AC  0|TAMS 0x0000000701d00000, 0x0000000701d00000|
|  30|0x0000000701e00000, 0x0000000701efffe0, 0x0000000701f00000| 99%| O|  |TS  0|AC  0|TAMS 0x0000000701e00000, 0x0000000701e00000|
|  31|0x0000000701f00000, 0x0000000701fe6ad8, 0x0000000702000000| 90%| O|  |TS  0|AC  0|TAMS 0x0000000701f00000, 0x0000000701f00000|
|  32|0x0000000702000000, 0x0000000702100000, 0x0000000702100000|100%| O|  |TS  0|AC  0|TAMS 0x0000000702000000, 0x0000000702000000|
|  33|0x0000000702100000, 0x00000007021ffff8, 0x0000000702200000| 99%| O|  |TS  0|AC  0|TAMS 0x0000000702100000, 0x0000000702100000|
|  34|0x0000000702200000, 0x00000007022fff20, 0x0000000702300000| 99%| O|  |TS  0|AC  0|TAMS 0x0000000702200000, 0x0000000702200000|
|  35|0x0000000702300000, 0x00000007023fffc0, 0x0000000702400000| 99%| O|  |TS  0|AC  0|TAMS 0x0000000702300000, 0x0000000702300000|
|  36|0x0000000702400000, 0x00000007024ffff0, 0x0000000702500000| 99%| O|  |TS  0|AC  0|TAMS 0x0000000702400000, 0x0000000702400000|
|  37|0x0000000702500000, 0x00000007025ffcb8, 0x0000000702600000| 99%| O|  |TS  0|AC  0|TAMS 0x0000000702500000, 0x0000000702500000|
|  38|0x0000000702600000, 0x00000007026ffff0, 0x0000000702700000| 99%| O|  |TS  0|AC  0|TAMS 0x0000000702600000, 0x0000000702600000|
|  39|0x0000000702700000, 0x00000007027ffe68, 0x0000000702800000| 99%| O|  |TS  0|AC  0|TAMS 0x0000000702700000, 0x0000000702700000|
|  40|0x0000000702800000, 0x0000000702900000, 0x0000000702900000|100%|HS|  |TS  0|AC  0|TAMS 0x0000000702800000, 0x0000000702800000|
|  41|0x0000000702900000, 0x0000000702a00000, 0x0000000702a00000|100%|HC|  |TS  0|AC  0|TAMS 0x0000000702900000, 0x0000000702900000|
|  42|0x0000000702a00000, 0x0000000702b00000, 0x0000000702b00000|100%|HC|  |TS  0|AC  0|TAMS 0x0000000702a00000, 0x0000000702a00000|
|  43|0x0000000702b00000, 0x0000000702c00000, 0x0000000702c00000|100%|HC|  |TS  0|AC  0|TAMS 0x0000000702b00000, 0x0000000702b00000|
|  44|0x0000000702c00000, 0x0000000702d00000, 0x0000000702d00000|100%|HC|  |TS  0|AC  0|TAMS 0x0000000702c00000, 0x0000000702c00000|
|  45|0x0000000702d00000, 0x0000000702e00000, 0x0000000702e00000|100%|HC|  |TS  0|AC  0|TAMS 0x0000000702d00000, 0x0000000702d00000|
|  46|0x0000000702e00000, 0x0000000702f00000, 0x0000000702f00000|100%|HC|  |TS  0|AC  0|TAMS 0x0000000702e00000, 0x0000000702e00000|
|  47|0x0000000702f00000, 0x0000000703000000, 0x0000000703000000|100%|HC|  |TS  0|AC  0|TAMS 0x0000000702f00000, 0x0000000702f00000|
|  48|0x0000000703000000, 0x00000007030fffd8, 0x0000000703100000| 99%| O|  |TS  0|AC  0|TAMS 0x0000000703000000, 0x0000000703000000|
|  49|0x0000000703100000, 0x00000007031fff18, 0x0000000703200000| 99%| O|  |TS  0|AC  0|TAMS 0x0000000703100000, 0x0000000703100000|
|  50|0x0000000703200000, 0x0000000703300000, 0x0000000703300000|100%|HS|  |TS  0|AC  0|TAMS 0x0000000703200000, 0x0000000703200000|
|  51|0x0000000703300000, 0x0000000703400000, 0x0000000703400000|100%|HC|  |TS  0|AC  0|TAMS 0x0000000703300000, 0x0000000703300000|
|  52|0x0000000703400000, 0x0000000703500000, 0x0000000703500000|100%| O|  |TS  0|AC  0|TAMS 0x0000000703400000, 0x0000000703400000|
|  53|0x0000000703500000, 0x00000007035fffe8, 0x0000000703600000| 99%| O|  |TS  0|AC  0|TAMS 0x0000000703500000, 0x0000000703500000|
|  54|0x0000000703600000, 0x0000000703700000, 0x0000000703700000|100%| O|  |TS  0|AC  0|TAMS 0x0000000703600000, 0x0000000703600000|
|  55|0x0000000703700000, 0x000000070378ea20, 0x0000000703800000| 55%| O|  |TS  0|AC  0|TAMS 0x0000000703700000, 0x0000000703700000|
|  56|0x0000000703800000, 0x0000000703900000, 0x0000000703900000|100%| O|  |TS  9|AC  0|TAMS 0x0000000703800000, 0x0000000703800000|
|  57|0x0000000703900000, 0x0000000703a00000, 0x0000000703a00000|100%| O|  |TS  9|AC  0|TAMS 0x0000000703900000, 0x0000000703900000|
|  58|0x0000000703a00000, 0x0000000703b00000, 0x0000000703b00000|100%| O|  |TS 13|AC  0|TAMS 0x0000000703a00000, 0x0000000703a00000|
|  59|0x0000000703b00000, 0x0000000703c00000, 0x0000000703c00000|100%| O|  |TS 17|AC  0|TAMS 0x0000000703b00000, 0x0000000703b00000|
|  60|0x0000000703c00000, 0x0000000703d00000, 0x0000000703d00000|100%| O|  |TS 17|AC  0|TAMS 0x0000000703c00000, 0x0000000703c00000|
|  61|0x0000000703d00000, 0x0000000703e00000, 0x0000000703e00000|100%| O|  |TS 21|AC  0|TAMS 0x0000000703d00000, 0x0000000703d00000|
|  62|0x0000000703e00000, 0x0000000703f00000, 0x0000000703f00000|100%| O|  |TS 23|AC  0|TAMS 0x0000000703e00000, 0x0000000703e00000|
|  63|0x0000000703f00000, 0x0000000704000000, 0x0000000704000000|100%| O|  |TS 27|AC  0|TAMS 0x0000000703f00000, 0x0000000703f00000|
|  64|0x0000000704000000, 0x0000000704000000, 0x0000000704100000|  0%| F|  |TS 23|AC  0|TAMS 0x0000000704000000, 0x0000000704000000|
|  65|0x0000000704100000, 0x0000000704200000, 0x0000000704200000|100%| O|  |TS 23|AC  0|TAMS 0x0000000704100000, 0x0000000704100000|
|  66|0x0000000704200000, 0x0000000704300000, 0x0000000704300000|100%| O|  |TS 23|AC  0|TAMS 0x0000000704200000, 0x0000000704200000|
|  67|0x0000000704300000, 0x0000000704400000, 0x0000000704400000|100%| O|  |TS 27|AC  0|TAMS 0x0000000704300000, 0x0000000704300000|
|  68|0x0000000704400000, 0x0000000704400000, 0x0000000704500000|  0%| F|  |TS  0|AC  0|TAMS 0x0000000704400000, 0x0000000704400000|
|  69|0x0000000704500000, 0x0000000704500000, 0x0000000704600000|  0%| F|  |TS  0|AC  0|TAMS 0x0000000704500000, 0x0000000704500000|
|  70|0x0000000704600000, 0x0000000704600000, 0x0000000704700000|  0%| F|  |TS  0|AC  0|TAMS 0x0000000704600000, 0x0000000704600000|
|  71|0x0000000704700000, 0x0000000704700000, 0x0000000704800000|  0%| F|  |TS  0|AC  0|TAMS 0x0000000704700000, 0x0000000704700000|
|  72|0x0000000704800000, 0x0000000704800000, 0x0000000704900000|  0%| F|  |TS  0|AC  0|TAMS 0x0000000704800000, 0x0000000704800000|
|  73|0x0000000704900000, 0x0000000704900000, 0x0000000704a00000|  0%| F|  |TS  0|AC  0|TAMS 0x0000000704900000, 0x0000000704900000|
|  74|0x0000000704a00000, 0x0000000704a00000, 0x0000000704b00000|  0%| F|  |TS  0|AC  0|TAMS 0x0000000704a00000, 0x0000000704a00000|
|  75|0x0000000704b00000, 0x0000000704b00000, 0x0000000704c00000|  0%| F|  |TS  0|AC  0|TAMS 0x0000000704b00000, 0x0000000704b00000|
|  76|0x0000000704c00000, 0x0000000704c00000, 0x0000000704d00000|  0%| F|  |TS  0|AC  0|TAMS 0x0000000704c00000, 0x0000000704c00000|
|  77|0x0000000704d00000, 0x0000000704d00000, 0x0000000704e00000|  0%| F|  |TS  0|AC  0|TAMS 0x0000000704d00000, 0x0000000704d00000|
|  78|0x0000000704e00000, 0x0000000704e00000, 0x0000000704f00000|  0%| F|  |TS  0|AC  0|TAMS 0x0000000704e00000, 0x0000000704e00000|
|  79|0x0000000704f00000, 0x0000000704f00000, 0x0000000705000000|  0%| F|  |TS  0|AC  0|TAMS 0x0000000704f00000, 0x0000000704f00000|
|  80|0x0000000705000000, 0x0000000705000000, 0x0000000705100000|  0%| F|  |TS  0|AC  0|TAMS 0x0000000705000000, 0x0000000705000000|
|  81|0x0000000705100000, 0x0000000705100000, 0x0000000705200000|  0%| F|  |TS  0|AC  0|TAMS 0x0000000705100000, 0x0000000705100000|
|  82|0x0000000705200000, 0x0000000705200000, 0x0000000705300000|  0%| F|  |TS  0|AC  0|TAMS 0x0000000705200000, 0x0000000705200000|
|  83|0x0000000705300000, 0x0000000705300000, 0x0000000705400000|  0%| F|  |TS  0|AC  0|TAMS 0x0000000705300000, 0x0000000705300000|
|  84|0x0000000705400000, 0x0000000705400000, 0x0000000705500000|  0%| F|  |TS  0|AC  0|TAMS 0x0000000705400000, 0x0000000705400000|
|  85|0x0000000705500000, 0x0000000705500000, 0x0000000705600000|  0%| F|  |TS  0|AC  0|TAMS 0x0000000705500000, 0x0000000705500000|
|  86|0x0000000705600000, 0x0000000705600000, 0x0000000705700000|  0%| F|  |TS  0|AC  0|TAMS 0x0000000705600000, 0x0000000705600000|
|  87|0x0000000705700000, 0x0000000705700000, 0x0000000705800000|  0%| F|  |TS  0|AC  0|TAMS 0x0000000705700000, 0x0000000705700000|
|  88|0x0000000705800000, 0x0000000705800000, 0x0000000705900000|  0%| F|  |TS  0|AC  0|TAMS 0x0000000705800000, 0x0000000705800000|
|  89|0x0000000705900000, 0x0000000705900000, 0x0000000705a00000|  0%| F|  |TS  0|AC  0|TAMS 0x0000000705900000, 0x0000000705900000|
|  90|0x0000000705a00000, 0x0000000705a00000, 0x0000000705b00000|  0%| F|  |TS  0|AC  0|TAMS 0x0000000705a00000, 0x0000000705a00000|
|  91|0x0000000705b00000, 0x0000000705b00000, 0x0000000705c00000|  0%| F|  |TS  0|AC  0|TAMS 0x0000000705b00000, 0x0000000705b00000|
|  92|0x0000000705c00000, 0x0000000705c00000, 0x0000000705d00000|  0%| F|  |TS  0|AC  0|TAMS 0x0000000705c00000, 0x0000000705c00000|
|  93|0x0000000705d00000, 0x0000000705d00000, 0x0000000705e00000|  0%| F|  |TS  0|AC  0|TAMS 0x0000000705d00000, 0x0000000705d00000|
|  94|0x0000000705e00000, 0x0000000705e00000, 0x0000000705f00000|  0%| F|  |TS  0|AC  0|TAMS 0x0000000705e00000, 0x0000000705e00000|
|  95|0x0000000705f00000, 0x0000000705f00000, 0x0000000706000000|  0%| F|  |TS  0|AC  0|TAMS 0x0000000705f00000, 0x0000000705f00000|
|  96|0x0000000706000000, 0x0000000706000000, 0x0000000706100000|  0%| F|  |TS  0|AC  0|TAMS 0x0000000706000000, 0x0000000706000000|
|  97|0x0000000706100000, 0x0000000706100000, 0x0000000706200000|  0%| F|  |TS  0|AC  0|TAMS 0x0000000706100000, 0x0000000706100000|
|  98|0x0000000706200000, 0x0000000706200000, 0x0000000706300000|  0%| F|  |TS  0|AC  0|TAMS 0x0000000706200000, 0x0000000706200000|
|  99|0x0000000706300000, 0x0000000706300000, 0x0000000706400000|  0%| F|  |TS  0|AC  0|TAMS 0x0000000706300000, 0x0000000706300000|
| 100|0x0000000706400000, 0x0000000706400000, 0x0000000706500000|  0%| F|  |TS  0|AC  0|TAMS 0x0000000706400000, 0x0000000706400000|
| 101|0x0000000706500000, 0x0000000706500000, 0x0000000706600000|  0%| F|  |TS  0|AC  0|TAMS 0x0000000706500000, 0x0000000706500000|
| 102|0x0000000706600000, 0x0000000706600000, 0x0000000706700000|  0%| F|  |TS  0|AC  0|TAMS 0x0000000706600000, 0x0000000706600000|
| 103|0x0000000706700000, 0x0000000706700000, 0x0000000706800000|  0%| F|  |TS  0|AC  0|TAMS 0x0000000706700000, 0x0000000706700000|
| 104|0x0000000706800000, 0x0000000706800000, 0x0000000706900000|  0%| F|  |TS  0|AC  0|TAMS 0x0000000706800000, 0x0000000706800000|
| 105|0x0000000706900000, 0x0000000706900000, 0x0000000706a00000|  0%| F|  |TS  0|AC  0|TAMS 0x0000000706900000, 0x0000000706900000|
| 106|0x0000000706a00000, 0x0000000706a00000, 0x0000000706b00000|  0%| F|  |TS  0|AC  0|TAMS 0x0000000706a00000, 0x0000000706a00000|
| 107|0x0000000706b00000, 0x0000000706b00000, 0x0000000706c00000|  0%| F|  |TS  0|AC  0|TAMS 0x0000000706b00000, 0x0000000706b00000|
| 108|0x0000000706c00000, 0x0000000706c00000, 0x0000000706d00000|  0%| F|  |TS  0|AC  0|TAMS 0x0000000706c00000, 0x0000000706c00000|
| 109|0x0000000706d00000, 0x0000000706d00000, 0x0000000706e00000|  0%| F|  |TS  0|AC  0|TAMS 0x0000000706d00000, 0x0000000706d00000|
| 110|0x0000000706e00000, 0x0000000706e00000, 0x0000000706f00000|  0%| F|  |TS  0|AC  0|TAMS 0x0000000706e00000, 0x0000000706e00000|
| 111|0x0000000706f00000, 0x0000000706f00000, 0x0000000707000000|  0%| F|  |TS  0|AC  0|TAMS 0x0000000706f00000, 0x0000000706f00000|
| 112|0x0000000707000000, 0x0000000707000000, 0x0000000707100000|  0%| F|  |TS  0|AC  0|TAMS 0x0000000707000000, 0x0000000707000000|
| 113|0x0000000707100000, 0x0000000707100000, 0x0000000707200000|  0%| F|  |TS  0|AC  0|TAMS 0x0000000707100000, 0x0000000707100000|
| 114|0x0000000707200000, 0x0000000707200000, 0x0000000707300000|  0%| F|  |TS  0|AC  0|TAMS 0x0000000707200000, 0x0000000707200000|
| 115|0x0000000707300000, 0x0000000707300000, 0x0000000707400000|  0%| F|  |TS  0|AC  0|TAMS 0x0000000707300000, 0x0000000707300000|
| 116|0x0000000707400000, 0x0000000707400000, 0x0000000707500000|  0%| F|  |TS  0|AC  0|TAMS 0x0000000707400000, 0x0000000707400000|
| 117|0x0000000707500000, 0x0000000707500000, 0x0000000707600000|  0%| F|  |TS 23|AC  0|TAMS 0x0000000707500000, 0x0000000707500000|
| 118|0x0000000707600000, 0x0000000707600000, 0x0000000707700000|  0%| F|  |TS 27|AC  0|TAMS 0x0000000707600000, 0x0000000707600000|
| 119|0x0000000707700000, 0x0000000707700000, 0x0000000707800000|  0%| F|  |TS 27|AC  0|TAMS 0x0000000707700000, 0x0000000707700000|
| 120|0x0000000707800000, 0x000000070787f498, 0x0000000707900000| 49%| S|CS|TS 47|AC  0|TAMS 0x0000000707800000, 0x0000000707800000|
| 121|0x0000000707900000, 0x0000000707900000, 0x0000000707a00000|  0%| F|  |TS 47|AC  0|TAMS 0x0000000707900000, 0x0000000707900000|
| 122|0x0000000707a00000, 0x0000000707a00000, 0x0000000707b00000|  0%| F|  |TS 47|AC  0|TAMS 0x0000000707a00000, 0x0000000707a00000|
| 123|0x0000000707b00000, 0x0000000707b00000, 0x0000000707c00000|  0%| F|  |TS 47|AC  0|TAMS 0x0000000707b00000, 0x0000000707b00000|
| 124|0x0000000707c00000, 0x0000000707d00000, 0x0000000707d00000|100%| S|CS|TS 47|AC  0|TAMS 0x0000000707c00000, 0x0000000707c00000|
| 125|0x0000000707d00000, 0x0000000707e00000, 0x0000000707e00000|100%| S|CS|TS 47|AC  0|TAMS 0x0000000707d00000, 0x0000000707d00000|
| 126|0x0000000707e00000, 0x0000000707f00000, 0x0000000707f00000|100%| S|CS|TS 47|AC  0|TAMS 0x0000000707e00000, 0x0000000707e00000|
| 127|0x0000000707f00000, 0x0000000707f00000, 0x0000000708000000|  0%| F|  |TS 47|AC  0|TAMS 0x0000000707f00000, 0x0000000707f00000|
| 128|0x0000000708000000, 0x0000000708000000, 0x0000000708100000|  0%| F|  |TS 47|AC  0|TAMS 0x0000000708000000, 0x0000000708000000|
| 129|0x0000000708100000, 0x0000000708100000, 0x0000000708200000|  0%| F|  |TS 47|AC  0|TAMS 0x0000000708100000, 0x0000000708100000|
| 130|0x0000000708200000, 0x0000000708200000, 0x0000000708300000|  0%| F|  |TS 47|AC  0|TAMS 0x0000000708200000, 0x0000000708200000|
| 131|0x0000000708300000, 0x0000000708300000, 0x0000000708400000|  0%| F|  |TS 47|AC  0|TAMS 0x0000000708300000, 0x0000000708300000|
| 132|0x0000000708400000, 0x0000000708400000, 0x0000000708500000|  0%| F|  |TS 47|AC  0|TAMS 0x0000000708400000, 0x0000000708400000|
| 133|0x0000000708500000, 0x0000000708500000, 0x0000000708600000|  0%| F|  |TS 47|AC  0|TAMS 0x0000000708500000, 0x0000000708500000|
| 134|0x0000000708600000, 0x0000000708600000, 0x0000000708700000|  0%| F|  |TS 47|AC  0|TAMS 0x0000000708600000, 0x0000000708600000|
| 135|0x0000000708700000, 0x0000000708700000, 0x0000000708800000|  0%| F|  |TS 47|AC  0|TAMS 0x0000000708700000, 0x0000000708700000|
| 136|0x0000000708800000, 0x0000000708800000, 0x0000000708900000|  0%| F|  |TS 47|AC  0|TAMS 0x0000000708800000, 0x0000000708800000|
| 137|0x0000000708900000, 0x0000000708900000, 0x0000000708a00000|  0%| F|  |TS 47|AC  0|TAMS 0x0000000708900000, 0x0000000708900000|
| 138|0x0000000708a00000, 0x0000000708a00000, 0x0000000708b00000|  0%| F|  |TS 47|AC  0|TAMS 0x0000000708a00000, 0x0000000708a00000|
| 139|0x0000000708b00000, 0x0000000708b00000, 0x0000000708c00000|  0%| F|  |TS 47|AC  0|TAMS 0x0000000708b00000, 0x0000000708b00000|
| 140|0x0000000708c00000, 0x0000000708c00000, 0x0000000708d00000|  0%| F|  |TS 47|AC  0|TAMS 0x0000000708c00000, 0x0000000708c00000|
| 141|0x0000000708d00000, 0x0000000708d00000, 0x0000000708e00000|  0%| F|  |TS 47|AC  0|TAMS 0x0000000708d00000, 0x0000000708d00000|
| 142|0x0000000708e00000, 0x0000000708e00000, 0x0000000708f00000|  0%| F|  |TS 47|AC  0|TAMS 0x0000000708e00000, 0x0000000708e00000|
| 143|0x0000000708f00000, 0x0000000708f00000, 0x0000000709000000|  0%| F|  |TS 47|AC  0|TAMS 0x0000000708f00000, 0x0000000708f00000|
| 144|0x0000000709000000, 0x0000000709000000, 0x0000000709100000|  0%| F|  |TS 47|AC  0|TAMS 0x0000000709000000, 0x0000000709000000|
| 145|0x0000000709100000, 0x0000000709100000, 0x0000000709200000|  0%| F|  |TS 47|AC  0|TAMS 0x0000000709100000, 0x0000000709100000|
| 146|0x0000000709200000, 0x0000000709200000, 0x0000000709300000|  0%| F|  |TS 47|AC  0|TAMS 0x0000000709200000, 0x0000000709200000|
| 147|0x0000000709300000, 0x0000000709300000, 0x0000000709400000|  0%| F|  |TS 47|AC  0|TAMS 0x0000000709300000, 0x0000000709300000|
| 148|0x0000000709400000, 0x0000000709400000, 0x0000000709500000|  0%| F|  |TS 47|AC  0|TAMS 0x0000000709400000, 0x0000000709400000|
| 149|0x0000000709500000, 0x0000000709500000, 0x0000000709600000|  0%| F|  |TS 47|AC  0|TAMS 0x0000000709500000, 0x0000000709500000|
| 150|0x0000000709600000, 0x0000000709600000, 0x0000000709700000|  0%| F|  |TS 47|AC  0|TAMS 0x0000000709600000, 0x0000000709600000|
| 151|0x0000000709700000, 0x0000000709700000, 0x0000000709800000|  0%| F|  |TS 47|AC  0|TAMS 0x0000000709700000, 0x0000000709700000|
| 152|0x0000000709800000, 0x0000000709800000, 0x0000000709900000|  0%| F|  |TS 47|AC  0|TAMS 0x0000000709800000, 0x0000000709800000|
| 153|0x0000000709900000, 0x0000000709900000, 0x0000000709a00000|  0%| F|  |TS 47|AC  0|TAMS 0x0000000709900000, 0x0000000709900000|
| 154|0x0000000709a00000, 0x0000000709a00000, 0x0000000709b00000|  0%| F|  |TS 47|AC  0|TAMS 0x0000000709a00000, 0x0000000709a00000|
| 155|0x0000000709b00000, 0x0000000709b00000, 0x0000000709c00000|  0%| F|  |TS 47|AC  0|TAMS 0x0000000709b00000, 0x0000000709b00000|
| 156|0x0000000709c00000, 0x0000000709c00000, 0x0000000709d00000|  0%| F|  |TS 47|AC  0|TAMS 0x0000000709c00000, 0x0000000709c00000|
| 157|0x0000000709d00000, 0x0000000709d9abe8, 0x0000000709e00000| 60%| E|  |TS 47|AC  0|TAMS 0x0000000709d00000, 0x0000000709d00000|
| 158|0x0000000709e00000, 0x0000000709f00000, 0x0000000709f00000|100%| E|CS|TS 47|AC  0|TAMS 0x0000000709e00000, 0x0000000709e00000|
| 159|0x0000000709f00000, 0x000000070a000000, 0x000000070a000000|100%| E|CS|TS 47|AC  0|TAMS 0x0000000709f00000, 0x0000000709f00000|
| 160|0x000000070a000000, 0x000000070a100000, 0x000000070a100000|100%| E|CS|TS 47|AC  0|TAMS 0x000000070a000000, 0x000000070a000000|
| 161|0x000000070a100000, 0x000000070a200000, 0x000000070a200000|100%| E|CS|TS 47|AC  0|TAMS 0x000000070a100000, 0x000000070a100000|
| 162|0x000000070a200000, 0x000000070a300000, 0x000000070a300000|100%| E|CS|TS 47|AC  0|TAMS 0x000000070a200000, 0x000000070a200000|
| 163|0x000000070a300000, 0x000000070a400000, 0x000000070a400000|100%| E|CS|TS 47|AC  0|TAMS 0x000000070a300000, 0x000000070a300000|
| 164|0x000000070a400000, 0x000000070a500000, 0x000000070a500000|100%| E|CS|TS 47|AC  0|TAMS 0x000000070a400000, 0x000000070a400000|
| 165|0x000000070a500000, 0x000000070a600000, 0x000000070a600000|100%| E|CS|TS 47|AC  0|TAMS 0x000000070a500000, 0x000000070a500000|
| 166|0x000000070a600000, 0x000000070a700000, 0x000000070a700000|100%| E|CS|TS 47|AC  0|TAMS 0x000000070a600000, 0x000000070a600000|
| 167|0x000000070a700000, 0x000000070a800000, 0x000000070a800000|100%| E|CS|TS 47|AC  0|TAMS 0x000000070a700000, 0x000000070a700000|
| 168|0x000000070a800000, 0x000000070a900000, 0x000000070a900000|100%| E|CS|TS 47|AC  0|TAMS 0x000000070a800000, 0x000000070a800000|
| 169|0x000000070a900000, 0x000000070aa00000, 0x000000070aa00000|100%| E|CS|TS 47|AC  0|TAMS 0x000000070a900000, 0x000000070a900000|
| 170|0x000000070aa00000, 0x000000070ab00000, 0x000000070ab00000|100%| E|CS|TS 47|AC  0|TAMS 0x000000070aa00000, 0x000000070aa00000|
| 171|0x000000070ab00000, 0x000000070ac00000, 0x000000070ac00000|100%| E|CS|TS 47|AC  0|TAMS 0x000000070ab00000, 0x000000070ab00000|
| 172|0x000000070ac00000, 0x000000070ad00000, 0x000000070ad00000|100%| E|CS|TS 47|AC  0|TAMS 0x000000070ac00000, 0x000000070ac00000|
| 173|0x000000070ad00000, 0x000000070ae00000, 0x000000070ae00000|100%| E|CS|TS 47|AC  0|TAMS 0x000000070ad00000, 0x000000070ad00000|
| 174|0x000000070ae00000, 0x000000070af00000, 0x000000070af00000|100%| E|CS|TS 47|AC  0|TAMS 0x000000070ae00000, 0x000000070ae00000|
| 175|0x000000070af00000, 0x000000070b000000, 0x000000070b000000|100%| E|CS|TS 47|AC  0|TAMS 0x000000070af00000, 0x000000070af00000|
| 176|0x000000070b000000, 0x000000070b100000, 0x000000070b100000|100%| E|CS|TS 47|AC  0|TAMS 0x000000070b000000, 0x000000070b000000|
| 177|0x000000070b100000, 0x000000070b200000, 0x000000070b200000|100%| E|CS|TS 47|AC  0|TAMS 0x000000070b100000, 0x000000070b100000|
| 178|0x000000070b200000, 0x000000070b300000, 0x000000070b300000|100%| E|CS|TS 47|AC  0|TAMS 0x000000070b200000, 0x000000070b200000|
| 179|0x000000070b300000, 0x000000070b400000, 0x000000070b400000|100%| E|CS|TS 47|AC  0|TAMS 0x000000070b300000, 0x000000070b300000|
| 180|0x000000070b400000, 0x000000070b500000, 0x000000070b500000|100%| E|CS|TS 47|AC  0|TAMS 0x000000070b400000, 0x000000070b400000|
| 181|0x000000070b500000, 0x000000070b600000, 0x000000070b600000|100%| E|CS|TS 47|AC  0|TAMS 0x000000070b500000, 0x000000070b500000|
| 182|0x000000070b600000, 0x000000070b700000, 0x000000070b700000|100%| E|CS|TS 47|AC  0|TAMS 0x000000070b600000, 0x000000070b600000|
| 183|0x000000070b700000, 0x000000070b800000, 0x000000070b800000|100%| E|CS|TS 47|AC  0|TAMS 0x000000070b700000, 0x000000070b700000|

Card table byte_map: [0x000001f529370000,0x000001f529970000] byte_map_base: 0x000001f525b70000

Marking Bits (Prev, Next): (CMBitMap*) 0x000001f511d31690, (CMBitMap*) 0x000001f511d316c8
 Prev Bits: [0x000001f529f70000, 0x000001f52cf70000)
 Next Bits: [0x000001f52cf70000, 0x000001f52ff70000)

Polling page: 0x000001f5075a0000

CodeHeap 'non-profiled nmethods': size=120064Kb used=13497Kb max_used=13569Kb free=106566Kb
 bounds [0x000001f521e30000, 0x000001f522b90000, 0x000001f529370000]
CodeHeap 'profiled nmethods': size=120000Kb used=36459Kb max_used=38580Kb free=83540Kb
 bounds [0x000001f51a900000, 0x000001f51cee0000, 0x000001f521e30000]
CodeHeap 'non-nmethods': size=5696Kb used=1827Kb max_used=1909Kb free=3868Kb
 bounds [0x000001f51a370000, 0x000001f51a5e0000, 0x000001f51a900000]
 total_blobs=24064 nmethods=13921 adapters=1193
 compilation: enabled

Compilation events (10 events):
Event: 151.275 Thread 0x000001f512d29000 17145   !   4       java.util.zip.ZipFile::getInputStream (337 bytes)
Event: 151.314 Thread 0x000001f511915000 17147   !   4       java.util.zip.ZipFile::getInflater (54 bytes)
Event: 151.321 Thread 0x000001f50fa46800 17148       3       jdk.internal.loader.Resource::getByteBuffer (24 bytes)
Event: 151.321 Thread 0x000001f50fa46800 nmethod 17148 0x000001f51b3acb90 code [0x000001f51b3acd80, 0x000001f51b3ad560]
Event: 151.321 Thread 0x000001f50fa46800 17149       3       java.security.SecureClassLoader::defineClass (16 bytes)
Event: 151.322 Thread 0x000001f50fa46800 nmethod 17149 0x000001f51b1b4e10 code [0x000001f51b1b4fe0, 0x000001f51b1b5260]
Event: 151.323 Thread 0x000001f511915000 nmethod 17147 0x000001f5223eef90 code [0x000001f5223ef160, 0x000001f5223efba8]
Event: 151.323 Thread 0x000001f511915000 17146       4       java.util.zip.ZipFile$ZipFileInputStream::<init> (93 bytes)
Event: 151.327 Thread 0x000001f511915000 nmethod 17146 0x000001f52244cb10 code [0x000001f52244cca0, 0x000001f52244d018]
Event: 151.346 Thread 0x000001f512d29000 nmethod 17145 0x000001f522756390 code [0x000001f522756660, 0x000001f522759b60]

GC Heap History (10 events):
Event: 138.610 GC heap before
{Heap before GC invocations=54 (full 2):
 garbage-first heap   total 188416K, used 129089K [0x0000000700000000, 0x00000007001005c0, 0x00000007c0000000)
  region size 1024K, 60 young (61440K), 4 survivors (4096K)
 Metaspace       used 79731K, capacity 85536K, committed 85756K, reserved 1122304K
  class space    used 11215K, capacity 12222K, committed 12284K, reserved 1048576K
}
Event: 138.615 GC heap after
{Heap after GC invocations=55 (full 2):
 garbage-first heap   total 188416K, used 71288K [0x0000000700000000, 0x00000007001005c0, 0x00000007c0000000)
  region size 1024K, 4 young (4096K), 4 survivors (4096K)
 Metaspace       used 79731K, capacity 85536K, committed 85756K, reserved 1122304K
  class space    used 11215K, capacity 12222K, committed 12284K, reserved 1048576K
}
Event: 143.358 GC heap before
{Heap before GC invocations=55 (full 2):
 garbage-first heap   total 188416K, used 128632K [0x0000000700000000, 0x00000007001005c0, 0x00000007c0000000)
  region size 1024K, 60 young (61440K), 4 survivors (4096K)
 Metaspace       used 79874K, capacity 85664K, committed 85756K, reserved 1122304K
  class space    used 11215K, capacity 12222K, committed 12284K, reserved 1048576K
}
Event: 143.364 GC heap after
{Heap after GC invocations=56 (full 2):
 garbage-first heap   total 188416K, used 71288K [0x0000000700000000, 0x00000007001005c0, 0x00000007c0000000)
  region size 1024K, 4 young (4096K), 4 survivors (4096K)
 Metaspace       used 79874K, capacity 85664K, committed 85756K, reserved 1122304K
  class space    used 11215K, capacity 12222K, committed 12284K, reserved 1048576K
}
Event: 148.555 GC heap before
{Heap before GC invocations=56 (full 2):
 garbage-first heap   total 188416K, used 128632K [0x0000000700000000, 0x00000007001005c0, 0x00000007c0000000)
  region size 1024K, 60 young (61440K), 4 survivors (4096K)
 Metaspace       used 79890K, capacity 85664K, committed 85756K, reserved 1122304K
  class space    used 11215K, capacity 12222K, committed 12284K, reserved 1048576K
}
Event: 148.562 GC heap after
{Heap after GC invocations=57 (full 2):
 garbage-first heap   total 188416K, used 71246K [0x0000000700000000, 0x00000007001005c0, 0x00000007c0000000)
  region size 1024K, 4 young (4096K), 4 survivors (4096K)
 Metaspace       used 79890K, capacity 85664K, committed 85756K, reserved 1122304K
  class space    used 11215K, capacity 12222K, committed 12284K, reserved 1048576K
}
Event: 148.891 GC heap before
{Heap before GC invocations=57 (full 2):
 garbage-first heap   total 188416K, used 128590K [0x0000000700000000, 0x00000007001005c0, 0x00000007c0000000)
  region size 1024K, 60 young (61440K), 4 survivors (4096K)
 Metaspace       used 79891K, capacity 85664K, committed 85756K, reserved 1122304K
  class space    used 11215K, capacity 12222K, committed 12284K, reserved 1048576K
}
Event: 148.897 GC heap after
{Heap after GC invocations=58 (full 2):
 garbage-first heap   total 188416K, used 71252K [0x0000000700000000, 0x00000007001005c0, 0x00000007c0000000)
  region size 1024K, 4 young (4096K), 4 survivors (4096K)
 Metaspace       used 79891K, capacity 85664K, committed 85756K, reserved 1122304K
  class space    used 11215K, capacity 12222K, committed 12284K, reserved 1048576K
}
Event: 149.203 GC heap before
{Heap before GC invocations=58 (full 2):
 garbage-first heap   total 188416K, used 128596K [0x0000000700000000, 0x00000007001005c0, 0x00000007c0000000)
  region size 1024K, 60 young (61440K), 4 survivors (4096K)
 Metaspace       used 79892K, capacity 85664K, committed 85756K, reserved 1122304K
  class space    used 11215K, capacity 12222K, committed 12284K, reserved 1048576K
}
Event: 149.209 GC heap after
{Heap after GC invocations=59 (full 2):
 garbage-first heap   total 188416K, used 71280K [0x0000000700000000, 0x00000007001005c0, 0x00000007c0000000)
  region size 1024K, 4 young (4096K), 4 survivors (4096K)
 Metaspace       used 79892K, capacity 85664K, committed 85756K, reserved 1122304K
  class space    used 11215K, capacity 12222K, committed 12284K, reserved 1048576K
}

Deoptimization events (10 events):
Event: 148.450 Thread 0x000001f53342c000 Uncommon trap: reason=unstable_if action=reinterpret pc=0x000001f522a69ebc method=com.jidesoft.docking.DockingUtils.a(Ljava/awt/AWTEvent;Z)Lcom/jidesoft/docking/DockingManager; @ 317 c2
Event: 148.543 Thread 0x000001f53342c000 Uncommon trap: reason=bimorphic_or_optimized_type_check action=maybe_recompile pc=0x000001f52246eecc method=javax.swing.text.SimpleAttributeSet.getAttribute(Ljava/lang/Object;)Ljava/lang/Object; @ 14 c2
Event: 148.543 Thread 0x000001f53342c000 Uncommon trap: reason=unstable_if action=reinterpret pc=0x000001f522b06ce8 method=javax.swing.text.html.InlineView.setPropertiesFromAttributes()V @ 32 c2
Event: 148.597 Thread 0x000001f53342c000 Uncommon trap: reason=bimorphic_or_optimized_type_check action=maybe_recompile pc=0x000001f52246eecc method=javax.swing.text.SimpleAttributeSet.getAttribute(Ljava/lang/Object;)Ljava/lang/Object; @ 14 c2
Event: 148.616 Thread 0x000001f53342c000 Uncommon trap: reason=bimorphic_or_optimized_type_check action=maybe_recompile pc=0x000001f52246eecc method=javax.swing.text.SimpleAttributeSet.getAttribute(Ljava/lang/Object;)Ljava/lang/Object; @ 14 c2
Event: 148.638 Thread 0x000001f53342c000 Uncommon trap: reason=bimorphic_or_optimized_type_check action=maybe_recompile pc=0x000001f52246eecc method=javax.swing.text.SimpleAttributeSet.getAttribute(Ljava/lang/Object;)Ljava/lang/Object; @ 14 c2
Event: 150.008 Thread 0x000001f53342c000 Uncommon trap: reason=class_check action=maybe_recompile pc=0x000001f522a59e68 method=java.awt.LightweightDispatcher.eventDispatched(Ljava/awt/AWTEvent;)V @ 70 c2
Event: 150.012 Thread 0x000001f53342c000 Uncommon trap: reason=class_check action=maybe_recompile pc=0x000001f522a59e68 method=java.awt.LightweightDispatcher.eventDispatched(Ljava/awt/AWTEvent;)V @ 70 c2
Event: 150.104 Thread 0x000001f53342c000 Uncommon trap: reason=class_check action=maybe_recompile pc=0x000001f5223387b0 method=java.lang.invoke.LambdaForm$BMH/355115154.reinvoke(Ljava/lang/Object;Ljava/lang/Object;Ljava/lang/Object;)Ljava/lang/Object; @ 28 c2
Event: 150.134 Thread 0x000001f53342c000 Uncommon trap: reason=class_check action=maybe_recompile pc=0x000001f522ab4a58 method=javax.swing.JComponent.paint(Ljava/awt/Graphics;)V @ 106 c2

Classes redefined (0 events):
No events

Internal exceptions (10 events):
Event: 84.560 Thread 0x000001f53342c000 Exception <a 'java/lang/NoSuchMethodError'{0x00000007093128d0}: java.lang.invoke.DirectMethodHandle$Holder.invokeSpecial(Ljava/lang/Object;Ljava/lang/Object;IILjava/lang/Object;Ljava/lang/Object;Ljava/lang/Object;ILjava/lang/Object;)Ljava/lang/Object;> (0
Event: 84.560 Thread 0x000001f53342c000 Exception <a 'java/lang/NoSuchMethodError'{0x0000000709316340}: java.lang.invoke.DelegatingMethodHandle$Holder.reinvoke_L(Ljava/lang/Object;IILjava/lang/Object;Ljava/lang/Object;Ljava/lang/Object;ILjava/lang/Object;)Ljava/lang/Object;> (0x0000000709316340
Event: 84.561 Thread 0x000001f53342c000 Exception <a 'java/lang/NoSuchMethodError'{0x000000070936dee8}: method resolution failed> (0x000000070936dee8) thrown at [t:/workspace/hotspot/src/share/vm/prims/methodHandles.cpp, line 1256]
Event: 84.562 Thread 0x000001f53342c000 Exception <a 'java/lang/NoSuchMethodError'{0x0000000709371bc8}: java.lang.invoke.DelegatingMethodHandle$Holder.reinvoke_L(Ljava/lang/Object;Ljava/lang/Object;Ljava/lang/Object;Ljava/lang/Object;ILjava/lang/Object;)Ljava/lang/Object;> (0x0000000709371bc8) 
Event: 122.659 Thread 0x000001f53342c000 Implicit null exception at 0x000001f522a41474 to 0x000001f522a42e59
Event: 122.757 Thread 0x000001f53342c000 Exception <a 'java/lang/NoSuchMethodError'{0x000000070b13d208}: java.lang.invoke.DirectMethodHandle$Holder.invokeSpecial(Ljava/lang/Object;Ljava/lang/Object;IIILjava/lang/Object;IIII)Ljava/lang/Object;> (0x000000070b13d208) thrown at [t:/workspace/hotspot
Event: 122.757 Thread 0x000001f53342c000 Exception <a 'java/lang/NoSuchMethodError'{0x000000070b1409d0}: java.lang.invoke.DelegatingMethodHandle$Holder.reinvoke_L(Ljava/lang/Object;IIILjava/lang/Object;IIII)Ljava/lang/Object;> (0x000000070b1409d0) thrown at [t:/workspace/hotspot/src/share/vm/int
Event: 122.759 Thread 0x000001f53342c000 Exception <a 'java/lang/NoSuchMethodError'{0x000000070b198278}: method resolution failed> (0x000000070b198278) thrown at [t:/workspace/hotspot/src/share/vm/prims/methodHandles.cpp, line 1256]
Event: 122.759 Thread 0x000001f53342c000 Exception <a 'java/lang/NoSuchMethodError'{0x000000070b19bac0}: java.lang.invoke.DelegatingMethodHandle$Holder.reinvoke_L(Ljava/lang/Object;Ljava/lang/Object;IIII)Ljava/lang/Object;> (0x000000070b19bac0) thrown at [t:/workspace/hotspot/src/share/vm/interp
Event: 134.866 Thread 0x000001f53342c000 Implicit null exception at 0x000001f5225433db to 0x000001f522544d71

Events (10 events):
Event: 151.321 loading class com/google/common/collect/Iterators$7
Event: 151.321 loading class com/google/common/collect/Iterators$7 done
Event: 151.321 loading class com/google/common/collect/AbstractIterator
Event: 151.321 loading class com/google/common/collect/AbstractIterator done
Event: 151.331 loading class com/google/common/collect/AbstractIterator$State
Event: 151.331 loading class com/google/common/collect/AbstractIterator$State done
Event: 151.331 loading class com/google/common/collect/AbstractIterator$1
Event: 151.331 loading class com/google/common/collect/AbstractIterator$1 done
Event: 151.332 loading class ui/b/i/a/f
Event: 151.332 loading class ui/b/i/a/f done


Dynamic libraries:
0x00007ff75d4d0000 - 0x00007ff75d500000 	F:\Xilinx\Vivado\2018.3\bin\unwrapped\win64.o\vivado.exe
0x00007ffc78660000 - 0x00007ffc78850000 	C:\WINDOWS\SYSTEM32\ntdll.dll
0x00007ffc76710000 - 0x00007ffc767c2000 	C:\WINDOWS\System32\KERNEL32.DLL
0x00007ffc762c0000 - 0x00007ffc76563000 	C:\WINDOWS\System32\KERNELBASE.dll
0x00007ffc75820000 - 0x00007ffc7591a000 	C:\WINDOWS\System32\ucrtbase.dll
0x00007ffc704e0000 - 0x00007ffc704f4000 	F:\Xilinx\Vivado\2018.3\lib\win64.o\libboost_signals.dll
0x00007ffc377f0000 - 0x00007ffc38684000 	F:\Xilinx\Vivado\2018.3\lib\win64.o\librdi_common.dll
0x00007ffc76ab0000 - 0x00007ffc76c44000 	C:\WINDOWS\System32\USER32.dll
0x00007ffc678b0000 - 0x00007ffc67956000 	C:\WINDOWS\SYSTEM32\MSVCP140.dll
0x00007ffc75aa0000 - 0x00007ffc75ac1000 	C:\WINDOWS\System32\win32u.dll
0x00007ffc76ed0000 - 0x00007ffc76ef6000 	C:\WINDOWS\System32\GDI32.dll
0x00007ffc76570000 - 0x00007ffc76704000 	C:\WINDOWS\System32\gdi32full.dll
0x00007ffc75650000 - 0x00007ffc756ee000 	C:\WINDOWS\System32\msvcp_win.dll
0x00007ffc76cc0000 - 0x00007ffc76d63000 	C:\WINDOWS\System32\ADVAPI32.dll
0x00007ffc77c00000 - 0x00007ffc77c9e000 	C:\WINDOWS\System32\msvcrt.dll
0x00007ffc6e9c0000 - 0x00007ffc6e9d6000 	C:\WINDOWS\SYSTEM32\VCRUNTIME140.dll
0x00007ffc78510000 - 0x00007ffc785a7000 	C:\WINDOWS\System32\sechost.dll
0x00007ffc76850000 - 0x00007ffc76970000 	C:\WINDOWS\System32\RPCRT4.dll
0x00007ffc77140000 - 0x00007ffc77825000 	C:\WINDOWS\System32\SHELL32.dll
0x00007ffc76250000 - 0x00007ffc7629a000 	C:\WINDOWS\System32\cfgmgr32.dll
0x00007ffc77030000 - 0x00007ffc770d9000 	C:\WINDOWS\System32\shcore.dll
0x00007ffc77d50000 - 0x00007ffc78086000 	C:\WINDOWS\System32\combase.dll
0x00007ffc756f0000 - 0x00007ffc75770000 	C:\WINDOWS\System32\bcryptPrimitives.dll
0x00007ffc75ad0000 - 0x00007ffc7624f000 	C:\WINDOWS\System32\windows.storage.dll
0x00007ffc6fff0000 - 0x00007ffc70004000 	F:\Xilinx\Vivado\2018.3\lib\win64.o\librdi_commonmain.dll
0x00007ffc755d0000 - 0x00007ffc755ef000 	C:\WINDOWS\System32\profapi.dll
0x00007ffc75580000 - 0x00007ffc755ca000 	C:\WINDOWS\System32\powrprof.dll
0x00007ffc75530000 - 0x00007ffc75540000 	C:\WINDOWS\System32\UMPDC.dll
0x00007ffc770e0000 - 0x00007ffc77132000 	C:\WINDOWS\System32\shlwapi.dll
0x00007ffc75560000 - 0x00007ffc75571000 	C:\WINDOWS\System32\kernel.appcore.dll
0x00007ffc42f30000 - 0x00007ffc4329e000 	F:\Xilinx\Vivado\2018.3\lib\win64.o\libCOIN-all.dll
0x00007ffc762a0000 - 0x00007ffc762b7000 	C:\WINDOWS\System32\cryptsp.dll
0x00007ffc42c70000 - 0x00007ffc42f25000 	F:\Xilinx\Vivado\2018.3\lib\win64.o\libXil_lmgr11.dll
0x00007ffc77b30000 - 0x00007ffc77c00000 	C:\WINDOWS\System32\COMDLG32.dll
0x00007ffc69ce0000 - 0x00007ffc69cf4000 	F:\Xilinx\Vivado\2018.3\lib\win64.o\libboost_date_time.dll
0x00007ffc779e0000 - 0x00007ffc77aa4000 	C:\WINDOWS\System32\OLEAUT32.dll
0x00007ffc76d70000 - 0x00007ffc76ec6000 	C:\WINDOWS\System32\ole32.dll
0x00007ffc69cb0000 - 0x00007ffc69cd6000 	F:\Xilinx\Vivado\2018.3\lib\win64.o\libboost_filesystem.dll
0x00007ffc785b0000 - 0x00007ffc7861f000 	C:\WINDOWS\System32\WS2_32.dll
0x00007ffc755f0000 - 0x00007ffc7564c000 	C:\WINDOWS\System32\WINTRUST.dll
0x00007ffc75540000 - 0x00007ffc75552000 	C:\WINDOWS\System32\MSASN1.dll
0x00007ffc75920000 - 0x00007ffc75a69000 	C:\WINDOWS\System32\CRYPT32.dll
0x00007ffc69c30000 - 0x00007ffc69caf000 	F:\Xilinx\Vivado\2018.3\lib\win64.o\libboost_program_options.dll
0x00007ffc68060000 - 0x00007ffc68174000 	F:\Xilinx\Vivado\2018.3\lib\win64.o\libboost_regex.dll
0x00007ffc6ffe0000 - 0x00007ffc6ffeb000 	F:\Xilinx\Vivado\2018.3\lib\win64.o\libboost_system.dll
0x00007ffc69d50000 - 0x00007ffc69d5f000 	F:\Xilinx\Vivado\2018.3\lib\win64.o\libboost_xilinx.dll
0x00007ffc69c00000 - 0x00007ffc69c21000 	F:\Xilinx\Vivado\2018.3\lib\win64.o\libboost_thread.dll
0x00007ffc43630000 - 0x00007ffc436b2000 	F:\Xilinx\Vivado\2018.3\lib\win64.o\libhdlpsolve.dll
0x00007ffc42bc0000 - 0x00007ffc42c65000 	F:\Xilinx\Vivado\2018.3\lib\win64.o\libhdxml.dll
0x00007ffc3f080000 - 0x00007ffc3f8ce600 	F:\Xilinx\Vivado\2018.3\lib\win64.o\libisl_iostreams.dll
0x00007ffc69bd0000 - 0x00007ffc69bfe000 	F:\Xilinx\Vivado\2018.3\lib\win64.o\libisl_sysinfo.dll
0x00007ffc42b50000 - 0x00007ffc42bb5000 	F:\Xilinx\Vivado\2018.3\lib\win64.o\liblmx6.0.dll
0x00007ffc67fe0000 - 0x00007ffc67ffa000 	F:\Xilinx\Vivado\2018.3\lib\win64.o\pthreadVC2.dll
0x00007ffc67ee0000 - 0x00007ffc67efc000 	F:\Xilinx\Vivado\2018.3\lib\win64.o\librdiconfig.dll
0x00007ffc67eb0000 - 0x00007ffc67ed1000 	F:\Xilinx\Vivado\2018.3\lib\win64.o\librdizlib.dll
0x0000000068b10000 - 0x0000000068c3b000 	F:\Xilinx\Vivado\2018.3\lib\win64.o\tcl85t.dll
0x0000000012000000 - 0x0000000012272000 	F:\Xilinx\Vivado\2018.3\lib\win64.o\xerces-c_3_1.dll
0x00007ffc62980000 - 0x00007ffc62997000 	C:\WINDOWS\SYSTEM32\NETAPI32.dll
0x00007ffc67140000 - 0x00007ffc67616000 	C:\WINDOWS\SYSTEM32\WININET.dll
0x00007ffc41f20000 - 0x00007ffc42041000 	F:\Xilinx\Vivado\2018.3\lib\win64.o\librdi_commonxillic.dll
0x00007ffc68ae0000 - 0x00007ffc68bd0000 	C:\WINDOWS\SYSTEM32\WINHTTP.dll
0x00007ffc66840000 - 0x00007ffc66a16000 	C:\WINDOWS\SYSTEM32\urlmon.dll
0x00007ffc69bc0000 - 0x00007ffc69bca000 	F:\Xilinx\Vivado\2018.3\lib\win64.o\librdi_commonversion.dll
0x00007ffc64650000 - 0x00007ffc64677000 	C:\WINDOWS\SYSTEM32\VCOMP140.DLL
0x00007ffc6e920000 - 0x00007ffc6e929000 	C:\WINDOWS\SYSTEM32\WSOCK32.dll
0x00007ffc0c750000 - 0x00007ffc0d5e1000 	F:\Xilinx\Vivado\2018.3\lib\win64.o\gurobi65.dll
0x00007ffc6fe70000 - 0x00007ffc6ff19000 	C:\WINDOWS\WinSxS\amd64_microsoft.windows.common-controls_6595b64144ccf1df_5.82.18362.418_none_2a23d356466d526c\COMCTL32.dll
0x00007ffc6c3a0000 - 0x00007ffc6c3bc000 	C:\WINDOWS\SYSTEM32\dhcpcsvc.DLL
0x00007ffc76c50000 - 0x00007ffc76c58000 	C:\WINDOWS\System32\NSI.dll
0x00007ffc66da0000 - 0x00007ffc67046000 	C:\WINDOWS\SYSTEM32\iertutil.dll
0x00007ffc68e90000 - 0x00007ffc68e9d000 	F:\Xilinx\Vivado\2018.3\lib\win64.o\libboost_chrono.dll
0x00007ffc677a0000 - 0x00007ffc677bb000 	F:\Xilinx\Vivado\2018.3\lib\win64.o\libboost_iostreams.dll
0x00007ffc525f0000 - 0x00007ffc52615000 	F:\Xilinx\Vivado\2018.3\lib\win64.o\libisl_iosutils.dll
0x00007ffc74f70000 - 0x00007ffc74f7c000 	C:\WINDOWS\SYSTEM32\CRYPTBASE.DLL
0x00007ffc74af0000 - 0x00007ffc74afc000 	C:\WINDOWS\SYSTEM32\NETUTILS.DLL
0x00007ffc77ca0000 - 0x00007ffc77cce000 	C:\WINDOWS\System32\IMM32.DLL
0x00007ffc403c0000 - 0x00007ffc408b5000 	F:\Xilinx\Vivado\2018.3\lib\win64.o\librdi_commontasks.dll
0x00007ffc691f0000 - 0x00007ffc691fa000 	C:\WINDOWS\SYSTEM32\VERSION.dll
0x00007ffc37570000 - 0x00007ffc377ef000 	F:\Xilinx\Vivado\2018.3\lib\win64.o\librdi_sio.dll
0x00000000676e0000 - 0x0000000068105000 	F:\Xilinx\Vivado\2018.3\tps\win64\jre9.0.4\bin\server\jvm.dll
0x00007ffc78090000 - 0x00007ffc78098000 	C:\WINDOWS\System32\PSAPI.DLL
0x00007ffc74ab0000 - 0x00007ffc74aea000 	C:\WINDOWS\SYSTEM32\IPHLPAPI.DLL
0x00007ffc734a0000 - 0x00007ffc734c4000 	C:\WINDOWS\SYSTEM32\WINMM.dll
0x00007ffc61430000 - 0x00007ffc6151f000 	C:\WINDOWS\SYSTEM32\MSVCR120.dll
0x00007ffc74da0000 - 0x00007ffc74e07000 	C:\WINDOWS\SYSTEM32\MSWSOCK.DLL
0x00007ffc73470000 - 0x00007ffc7349d000 	C:\WINDOWS\SYSTEM32\WINMMBASE.dll
0x00007ffc0a380000 - 0x00007ffc0c742000 	F:\Xilinx\Vivado\2018.3\lib\win64.o\librdi_tcltasks.dll
0x00007ffc3ef00000 - 0x00007ffc3f07e000 	F:\Xilinx\Vivado\2018.3\lib\win64.o\librdi_board.dll
0x00007ffc42ae0000 - 0x00007ffc42b4a000 	F:\Xilinx\Vivado\2018.3\lib\win64.o\librdi_boarddep.dll
0x00007ffc37190000 - 0x00007ffc3756c000 	F:\Xilinx\Vivado\2018.3\lib\win64.o\librdi_bitstream.dll
0x00007ffc41e40000 - 0x00007ffc41f1c000 	F:\Xilinx\Vivado\2018.3\lib\win64.o\librdi_chipscope.dll
0x00007ffc2d940000 - 0x00007ffc2daf9000 	F:\Xilinx\Vivado\2018.3\lib\win64.o\librdi_chipscopeimpl.dll
0x00007ffc062d0000 - 0x00007ffc07bd5000 	F:\Xilinx\Vivado\2018.3\lib\win64.o\librdi_constraints.dll
0x00007ffc3b870000 - 0x00007ffc3b9b8000 	F:\Xilinx\Vivado\2018.3\lib\win64.o\librdi_containers.dll
0x00007ffc044b0000 - 0x00007ffc062cf000 	F:\Xilinx\Vivado\2018.3\lib\win64.o\librdi_coregen.dll
0x00007ffc09ca0000 - 0x00007ffc0a37a000 	F:\Xilinx\Vivado\2018.3\lib\win64.o\librdi_coregenipxact.dll
0x00007ffc09980000 - 0x00007ffc09c9b000 	F:\Xilinx\Vivado\2018.3\lib\win64.o\librdi_dlyest.dll
0x00007ffbedae0000 - 0x00007ffbf18db000 	F:\Xilinx\Vivado\2018.3\lib\win64.o\librdi_designutils.dll
0x00007ffc09420000 - 0x00007ffc09980000 	F:\Xilinx\Vivado\2018.3\lib\win64.o\librdi_drc.dll
0x00007ffc41030000 - 0x00007ffc410f2000 	F:\Xilinx\Vivado\2018.3\lib\win64.o\librdi_dsp.dll
0x00007ffbbfb80000 - 0x00007ffbd08d2000 	F:\Xilinx\Vivado\2018.3\lib\win64.o\librdi_device.dll
0x00007ffc086e0000 - 0x00007ffc089ba000 	F:\Xilinx\Vivado\2018.3\lib\win64.o\librdi_guitools.dll
0x00007ffc08de0000 - 0x00007ffc0941f000 	F:\Xilinx\Vivado\2018.3\lib\win64.o\librdi_filemgmt.dll
0x00007ffc45720000 - 0x00007ffc4577d000 	F:\Xilinx\Vivado\2018.3\lib\win64.o\librdi_hdf.dll
0x00007ffc03110000 - 0x00007ffc044a1000 	F:\Xilinx\Vivado\2018.3\lib\win64.o\librdi_implflow.dll
0x00007ffc3bd60000 - 0x00007ffc3bdd1000 	F:\Xilinx\Vivado\2018.3\lib\win64.o\librdi_memoryarray.dll
0x00007ffc080c0000 - 0x00007ffc086d5000 	F:\Xilinx\Vivado\2018.3\lib\win64.o\librdi_memdata.dll
0x00007ffc02ad0000 - 0x00007ffc0310b000 	F:\Xilinx\Vivado\2018.3\lib\win64.o\librdi_netlist.dll
0x00007ffc435e0000 - 0x00007ffc43630000 	F:\Xilinx\Vivado\2018.3\lib\win64.o\librdi_pfi.dll
0x00007ffc07db0000 - 0x00007ffc080b7000 	F:\Xilinx\Vivado\2018.3\lib\win64.o\librdi_platform.dll
0x00007ffc023d0000 - 0x00007ffc02ac5000 	F:\Xilinx\Vivado\2018.3\lib\win64.o\librdi_power.dll
0x00007ffbe7c10000 - 0x00007ffbea124000 	F:\Xilinx\Vivado\2018.3\lib\win64.o\librdi_place.dll
0x00007ffc01e70000 - 0x00007ffc023c6000 	F:\Xilinx\Vivado\2018.3\lib\win64.o\librdi_project.dll
0x00007ffc01770000 - 0x00007ffc01e63000 	F:\Xilinx\Vivado\2018.3\lib\win64.o\librdi_psta.dll
0x00007ffc01090000 - 0x00007ffc01769000 	F:\Xilinx\Vivado\2018.3\lib\win64.o\librdi_rsb.dll
0x00007ffc36980000 - 0x00007ffc36a58000 	F:\Xilinx\Vivado\2018.3\lib\win64.o\librdi_runsbase.dll
0x00007ffc00640000 - 0x00007ffc00a17000 	F:\Xilinx\Vivado\2018.3\lib\win64.o\librdi_runs.dll
0x00007ffc0e850000 - 0x00007ffc0ea78000 	F:\Xilinx\Vivado\2018.3\lib\win64.o\librdi_simdata.dll
0x00007ffbea130000 - 0x00007ffbedadc000 	F:\Xilinx\Vivado\2018.3\lib\win64.o\librdi_mig.dll
0x00007ffbfd780000 - 0x00007ffbfe50d000 	F:\Xilinx\Vivado\2018.3\lib\win64.o\librdi_timing.dll
0x00007ffc0ef00000 - 0x00007ffc0f054000 	F:\Xilinx\Vivado\2018.3\lib\win64.o\librdi_advchipscopeimpl.dll
0x00007ffc41df0000 - 0x00007ffc41e3c000 	F:\Xilinx\Vivado\2018.3\lib\win64.o\libboost_serialization.dll
0x00007ffc0ded0000 - 0x00007ffc0df88000 	F:\Xilinx\Vivado\2018.3\lib\win64.o\librdi_hip_devdesign.dll
0x00007ffc3bcb0000 - 0x00007ffc3bd5b000 	F:\Xilinx\Vivado\2018.3\lib\win64.o\librdi_ipconfig_readwrite.dll
0x00007ffc469c0000 - 0x00007ffc469f8000 	F:\Xilinx\Vivado\2018.3\lib\win64.o\librdi_noc_frameworks.dll
0x00007ffc36ef0000 - 0x00007ffc36f8e000 	F:\Xilinx\Vivado\2018.3\lib\win64.o\libise.dll
0x00007ffbfcc30000 - 0x00007ffbfd777000 	F:\Xilinx\Vivado\2018.3\lib\win64.o\libverific.dll
0x00007ffbff610000 - 0x00007ffbff9c5000 	F:\Xilinx\Vivado\2018.3\lib\win64.o\librdi_hip_config.dll

VM Arguments:
jvm_args: -Dsun.java2d.pmoffscreen=false -Dsun.java2d.xrender=false -Dsun.java2d.d3d=false -Dsun.awt.nopixfmt=true -Dsun.java2d.dpiaware=true -Dsun.java2d.uiScale.enabled=false -Xverify:none -Dswing.aatext=true -XX:-UsePerfData -Djdk.map.althashing.threshold=512 -XX:StringTableSize=4072 --add-opens=java.base/java.nio=ALL-UNNAMED --add-opens=java.desktop/sun.swing=ALL-UNNAMED --add-opens=java.desktop/javax.swing=ALL-UNNAMED --add-opens=java.desktop/javax.swing.tree=ALL-UNNAMED --add-opens=java.desktop/javax.swing.plaf.basic=ALL-UNNAMED --add-opens=java.desktop/javax.swing.plaf.synth=ALL-UNNAMED --add-opens=java.desktop/com.sun.awt=ALL-UNNAMED -XX:NewSize=60m -XX:MaxNewSize=60m -Xms128m -Xmx3072m -Xss5m 
java_command: <unknown>
java_class_path (initial): F:/Xilinx/Vivado/2018.3\lib\classes\alloy.jar;F:/Xilinx/Vivado/2018.3\lib\classes\autopilot.scelaborator.jar;F:/Xilinx/Vivado/2018.3\lib\classes\autopilot.sourceprocessor.jar;F:/Xilinx/Vivado/2018.3\lib\classes\autopilot.tbprocessor.jar;F:/Xilinx/Vivado/2018.3\lib\classes\batik-anim.jar;F:/Xilinx/Vivado/2018.3\lib\classes\batik-awt-util.jar;F:/Xilinx/Vivado/2018.3\lib\classes\batik-bridge.jar;F:/Xilinx/Vivado/2018.3\lib\classes\batik-codec.jar;F:/Xilinx/Vivado/2018.3\lib\classes\batik-css.jar;F:/Xilinx/Vivado/2018.3\lib\classes\batik-dom.jar;F:/Xilinx/Vivado/2018.3\lib\classes\batik-ext.jar;F:/Xilinx/Vivado/2018.3\lib\classes\batik-gui-util.jar;F:/Xilinx/Vivado/2018.3\lib\classes\batik-gvt.jar;F:/Xilinx/Vivado/2018.3\lib\classes\batik-parser.jar;F:/Xilinx/Vivado/2018.3\lib\classes\batik-script.jar;F:/Xilinx/Vivado/2018.3\lib\classes\batik-svg-dom.jar;F:/Xilinx/Vivado/2018.3\lib\classes\batik-swing.jar;F:/Xilinx/Vivado/2018.3\lib\classes\batik-transcoder.jar;F:/Xilinx/Vivado/2018.3\lib\classes\batik-util.jar;F:/Xilinx/Vivado/2018.3\lib\classes\batik-xml.jar;F:/Xilinx/Vivado/2018.3\lib\classes\com.ibm.icu_4.4.2.v20110208.jar;F:/Xilinx/Vivado/2018.3\lib\classes\commons-collections4-4.1.jar;F:/Xilinx/Vivado/2018.3\lib\classes\commons-math-2.2.jar;F:/Xilinx/Vivado/2018.3\lib\classes\dom4j-1.6.1.jar;F:/Xilinx/Vivado/2018.3\lib\classes\guava-18.0.jar;F:/Xilinx/Vivado/2018.3\lib\classes\help.jar;F:/Xilinx/Vivado/2018.3\lib\classes\hsqldb.jar;F:/Xilinx/Vivado/2018.3\lib\classes\jargs.jar;F:/Xilinx/Vivado/2018.3\lib\classes\jaxb-api-2.3.0.jar;F:/Xilinx/Vivado/2018.3\lib\classes\jh.jar;F:/Xilinx/Vivado/2018.3\lib\classes\jide-action.jar;F:/Xilinx/Vivado/2018.3\lib\classes\jide-charts.jar;F:/Xilinx/Vivado/2018.3\lib\classes\jide-common.jar;F:/Xilinx/Vivado/2018.3\lib\classes\jide-components.jar;F:/Xilinx/Vivado/2018.3\lib\classes\jide-dashboard.jar;F:/Xilinx/Vivado/2018.3\lib\classes\jide-data.jar;F:/Xilinx/Vivado/2018.3\lib\classes\jide-dialogs.jar
Launcher Type: generic

Logging:
Log output configuration:
#0: stdout all=warning uptime,level,tags
#1: stderr all=off uptime,level,tags

Environment Variables:
JAVA_HOME=C:\Program Files\Java\jdk-11.0.1
PATH=F:/Xilinx/Vivado/2018.3/bin;F:/Xilinx/Vivado/2018.3/lib/win64.o;F:/Xilinx/Vivado/2018.3/tps/win64/jre9.0.4/bin/server;F:/Xilinx/Vivado/2018.3/tps/win64/jre9.0.4/bin;F:/Xilinx/SDK/2018.3/bin;F:/Xilinx/Vivado/2018.3/ids_lite/ISE/bin/nt64;F:/Xilinx/Vivado/2018.3/ids_lite/ISE/lib/nt64;c:\builder\anaconda;c:\builder\anaconda\library\mingw-w64\bin;c:\builder\anaconda\library\usr\bin;c:\builder\anaconda\library\bin;c:\builder\anaconda\scripts;c:\program files (x86)\common files\oracle\java\javapath;c:\windows\system32;c:\windows;c:\windows\system32\wbem;c:\windows\system32\windowspowershell\v1.0\;c:\program files\dotnet\;c:\program files\microsoft sql server\130\tools\binn\;c:\windows\system32\openssh\;c:\builder\cuda\bin;c:\builder\cuda\lib\x64;c:\program files\microsoft vs code\bin;c:\builder\anaconda\lib\site-packages\facenet\src;c:\builder\anaconda\lib\site-packages\align;c:\builder\anaconda\lib\site-packages\align-0.0.5.dist-info;c:\program files\nvidia corporation\nvidia nvdlisr;C:\Program Files (x86)\NVIDIA Corporation\PhysX\Common;C:\Program Files\Java\jdk-11.0.1\bin;C:\Program Files\Git\cmd;C:\Builder\Python\Scripts\;C:\Builder\Python\;C:\Users\PC-Lin\AppData\Local\Microsoft\WindowsApps;;F:/Xilinx/Vivado/2018.3\tps\mingw\6.2.0\win64.o\nt\bin;F:/Xilinx/Vivado/2018.3\tps\mingw\6.2.0\win64.o\nt\libexec\gcc\x86_64-w64-mingw32\6.2.0
USERNAME=PC-Lin
OS=Windows_NT
PROCESSOR_IDENTIFIER=Intel64 Family 6 Model 94 Stepping 3, GenuineIntel



---------------  S Y S T E M  ---------------

OS: Windows 10 , 64 bit Build 18362 (10.0.18362.329)

CPU:total 4 (initial active 4) (4 cores per cpu, 1 threads per core) family 6 model 94 stepping 3, cmov, cx8, fxsr, mmx, sse, sse2, sse3, ssse3, sse4.1, sse4.2, popcnt, avx, avx2, aes, clmul, erms, rtm, 3dnowpref, lzcnt, tsc, tscinvbit, bmi1, bmi2, adx, fma

Memory: 4k page, physical 16660892k(9569092k free), swap 17709468k(9522852k free)

vm_info: Java HotSpot(TM) 64-Bit Server VM (9.0.4+11) for windows-amd64 JRE (9.0.4+11), built on Dec 20 2017 02:18:54 by "mach5one" with MS VC++ 12.0 (VS2013)

END.
